<?xml version="1.0" encoding="UTF-8"?>
<!-- Generated by org.testng.reporters.JUnitXMLReporter -->
<testsuite hostname="DESKTOP-TA1AA8N" ignored="0" name="Test1" tests="3" failures="0" timestamp="25 Dec 2019 10:51:24 GMT" time="0.044" errors="0">
  <testcase name="Testone" time="0.012" classname="TestNgPack.GroupingsDemo"/>
  <testcase name="Testthree" time="0.001" classname="TestNgPack.GroupingsDemo"/>
  <testcase name="Testtwo" time="0.002" classname="TestNgPack.GroupingsDemo"/>
</testsuite> <!-- Test1 -->
