<?xml version="1.0" encoding="UTF-8"?>
<!-- Generated by org.testng.reporters.JUnitXMLReporter -->
<testsuite hostname="DESKTOP-TA1AA8N" ignored="1" name="Test2" tests="2" failures="0" timestamp="25 Dec 2019 10:51:24 GMT" time="0.014" errors="0">
  <testcase name="Testthree" time="0.001" classname="TestNgPack.GroupingsDemo"/>
  <testcase name="Testtwo" time="0.008" classname="TestNgPack.GroupingsDemo"/>
  <testcase name="Testone" time="0.0" classname="TestNgPack.GroupingsDemo">
    <ignored/>
  </testcase> <!-- Testone -->
</testsuite> <!-- Test2 -->
