<?xml version="1.0" encoding="UTF-8"?>
<!-- Generated by org.testng.reporters.JUnitXMLReporter -->
<testsuite hostname="DESKTOP-TA1AA8N" ignored="2" name="Test" tests="1" failures="0" timestamp="25 Dec 2019 10:46:15 GMT" time="0.022" errors="0">
  <testcase name="Testtwo" time="0.008" classname="TestNgPack.GroupingsDemo"/>
  <testcase name="Testthree" time="0.0" classname="TestNgPack.GroupingsDemo">
    <ignored/>
  </testcase> <!-- Testthree -->
  <testcase name="Testone" time="0.0" classname="TestNgPack.GroupingsDemo">
    <ignored/>
  </testcase> <!-- Testone -->
</testsuite> <!-- Test -->
