<?xml version="1.0" encoding="UTF-8"?>
<!-- Generated by org.testng.reporters.JUnitXMLReporter -->
<testsuite hostname="DESKTOP-TA1AA8N" ignored="0" name="Default test" tests="3" failures="0" timestamp="25 Dec 2019 12:57:16 GMT" time="18.785" errors="0">
  <testcase name="TC_GoogleSearch" time="3.254" classname="TestNgPack.DataProviderEx"/>
  <testcase name="TC_GoogleSearch" time="3.147" classname="TestNgPack.DataProviderEx"/>
  <testcase name="TC_GoogleSearch" time="3.193" classname="TestNgPack.DataProviderEx"/>
</testsuite> <!-- Default test -->
